Arguments: 
  C:\Program Files\nodejs\node.exe C:\Users\joder\AppData\Roaming\npm\node_modules\yarn\bin\yarn.js add @react

PATH: 
  C:\Program Files\Python39\Scripts\;C:\Program Files\Python39\;C:\Program Files\Common Files\Oracle\Java\javapath;C:\Program Files (x86)\Common Files\Oracle\Java\javapath;C:\WINDOWS\system32;C:\WINDOWS;C:\WINDOWS\System32\Wbem;C:\WINDOWS\System32\WindowsPowerShell\v1.0\;C:\WINDOWS\System32\OpenSSH\;C:\Program Files\Git\cmd;C:\Program Files\dotnet\;C:\Program Files\nodejs\;C:\Users\joder\AppData\Local\Programs\Python\Python39;C:\Users\joder\AppData\Local\Programs\Python\Python39\Scripts;;C:\Program Files\Microsoft VS Code\bin;C:\Program Files\MySQL\MySQL Shell 8.0\bin\;C:\Users\joder\AppData\Local\Microsoft\WindowsApps;C:\Users\joder\AppData\Local\Programs\Microsoft VS Code\bin;C:\Users\joder\AppData\Local\Programs\Python\Python36-32\Scripts;C:\Users\joder\.dotnet\tools;C:\Users\joder\AppData\Roaming\npm;

Yarn version: 
  1.22.17

Node version: 
  16.9.0

Platform: 
  win32 x64

Trace: 
  Error: https://registry.yarnpkg.com/@react: Request "https://registry.yarnpkg.com/@react" returned a 405
      at Request.params.callback [as _callback] (C:\Users\joder\AppData\Roaming\npm\node_modules\yarn\lib\cli.js:67038:18)
      at Request.self.callback (C:\Users\joder\AppData\Roaming\npm\node_modules\yarn\lib\cli.js:140883:22)
      at Request.emit (node:events:394:28)
      at Request.<anonymous> (C:\Users\joder\AppData\Roaming\npm\node_modules\yarn\lib\cli.js:141855:10)
      at Request.emit (node:events:394:28)
      at IncomingMessage.<anonymous> (C:\Users\joder\AppData\Roaming\npm\node_modules\yarn\lib\cli.js:141777:12)
      at Object.onceWrapper (node:events:513:28)
      at IncomingMessage.emit (node:events:406:35)
      at endReadableNT (node:internal/streams/readable:1343:12)
      at processTicksAndRejections (node:internal/process/task_queues:83:21)

npm manifest: 
  No manifest

yarn manifest: 
  No manifest

Lockfile: 
  No lockfile
